<?xml version="1.0" encoding="UTF-8"?>
<!-- Generated by org.testng.reporters.JUnitReportReporter -->
<testsuite hostname="leo-PC" failures="0" tests="1" name="testscripts.HomePageTests" time="228.602" errors="0" timestamp="07 Apr 2019 22:52:11 GMT" skipped="0">
  <testcase classname="testscripts.HomePageTests" name="searchAndDownload" time="228.602"/>
</testsuite> <!-- testscripts.HomePageTests -->
